<?xml version="1.0" encoding="UTF-8"?>
<!-- Generated by org.testng.reporters.JUnitReportReporter -->
<testsuite skipped="0" hostname="Janakirams-MBP.lan" name="testCases.TC_001_AccountRegistrationTest" tests="1" failures="0" timestamp="2023-06-04T18:43:50 EDT" time="8.554" errors="0">
  <testcase name="test_Account_Registration" time="8.554" classname="testCases.TC_001_AccountRegistrationTest"/>
  <system-out/>
</testsuite> <!-- testCases.TC_001_AccountRegistrationTest -->
