<?xml version="1.0" encoding="UTF-8"?>
<!-- Generated by org.testng.reporters.JUnitReportReporter -->
<testsuite hostname="Janakirams-MBP.lan" failures="0" tests="1" name="pageObjects.TC_001_AccountRegistrationTest" time="9.013" errors="0" timestamp="2023-05-31T09:36:08 EDT" skipped="0">
  <testcase classname="pageObjects.TC_001_AccountRegistrationTest" name="test_Account_Registration" time="9.013"/>
  <system-out/>
</testsuite> <!-- pageObjects.TC_001_AccountRegistrationTest -->
