<?xml version="1.0" encoding="UTF-8"?>
<!-- Generated by org.testng.reporters.JUnitReportReporter -->
<testsuite skipped="0" hostname="Janakirams-MBP.lan" name="testCases.TC_002_LoginTest" tests="1" failures="0" timestamp="2023-06-04T23:14:43 EDT" time="3.977" errors="0">
  <testcase name="Test_Login" time="3.977" classname="testCases.TC_002_LoginTest"/>
  <system-out/>
</testsuite> <!-- testCases.TC_002_LoginTest -->
