<?xml version="1.0" encoding="UTF-8"?>
<!-- Generated by org.testng.reporters.JUnitReportReporter -->
<testsuite hostname="Janakirams-MBP.lan" failures="0" tests="5" name="testCases.TC_003_LoginDataDrivenTest" time="28.468" errors="0" timestamp="2023-06-01T19:17:05 EDT" skipped="0">
  <testcase classname="testCases.TC_003_LoginDataDrivenTest" name="test_loginDDT" time="3.119"/>
  <system-out/>
  <testcase classname="testCases.TC_003_LoginDataDrivenTest" name="test_loginDDT" time="4.486"/>
  <system-out/>
  <testcase classname="testCases.TC_003_LoginDataDrivenTest" name="test_loginDDT" time="7.069"/>
  <system-out/>
  <testcase classname="testCases.TC_003_LoginDataDrivenTest" name="test_loginDDT" time="6.794"/>
  <system-out/>
  <testcase classname="testCases.TC_003_LoginDataDrivenTest" name="test_loginDDT" time="7.000"/>
  <system-out/>
</testsuite> <!-- testCases.TC_003_LoginDataDrivenTest -->
