<?xml version="1.0" encoding="UTF-8"?>
<!-- Generated by org.testng.reporters.JUnitReportReporter -->
<testsuite hostname="Janakirams-MBP.lan" failures="0" tests="1" name="testCases.TC_001_AccountRegistrationTest" time="3.671" errors="0" timestamp="2023-06-06T15:58:14 EDT" skipped="0">
  <testcase classname="testCases.TC_001_AccountRegistrationTest" name="test_Account_Registration" time="3.671"/>
</testsuite> <!-- testCases.TC_001_AccountRegistrationTest -->
